app/build/intermediates/manifest_merge_blame_file/debug/manifest-merger-blame-debug-report.txt
1<?xml version="1.0" encoding="utf-8"?>
2<manifest xmlns:android="http://schemas.android.com/apk/res/android"
3    package="com.example.login"
4    android:versionCode="1"
5    android:versionName="1.0" >
6
7    <uses-sdk
8        android:minSdkVersion="25"
8-->src\main\AndroidManifest.xml
9        android:targetSdkVersion="30" />
9-->src\main\AndroidManifest.xml
10
11    <!--
12         The ACCESS_COARSE/FINE_LOCATION permissions are not required to use
13         Google Maps Android API v2, but you must specify either coarse or fine
14         location permissions for the "MyLocation" functionality.
15    -->
16    <uses-permission android:name="android.permission.ACCESS_FINE_LOCATION" />
16-->src\main\AndroidManifest.xml:10:5-79
16-->src\main\AndroidManifest.xml:10:22-76
17    <uses-permission android:name="android.permission.ACCESS_COARSE_LOCATION" />
17-->src\main\AndroidManifest.xml:11:5-80
17-->src\main\AndroidManifest.xml:11:22-78
18    <uses-permission android:name="android.permission.INTERNET" />
18-->src\main\AndroidManifest.xml:12:5-67
18-->src\main\AndroidManifest.xml:12:22-64
19    <uses-permission android:name="android.permission.CAMERA" />
19-->src\main\AndroidManifest.xml:14:5-65
19-->src\main\AndroidManifest.xml:14:22-62
20
21    <!-- Include required permissions for Google Maps API to run. -->
22    <uses-permission android:name="android.permission.ACCESS_NETWORK_STATE" />
22-->[com.google.android.gms:play-services-maps:17.0.0] AndroidManifest.xml:23:5-79
22-->[com.google.android.gms:play-services-maps:17.0.0] AndroidManifest.xml:23:22-76
23
24    <uses-feature
24-->[com.google.android.gms:play-services-maps:17.0.0] AndroidManifest.xml:26:5-28:35
25        android:glEsVersion="0x00020000"
25-->[com.google.android.gms:play-services-maps:17.0.0] AndroidManifest.xml:27:9-41
26        android:required="true" /> <!-- Permission will be merged into the manifest of the hosting app. -->
26-->[com.google.android.gms:play-services-maps:17.0.0] AndroidManifest.xml:28:9-32
27    <!-- Is required to launch foreground extraction service for targetSdkVersion 28+. -->
28    <uses-permission android:name="android.permission.FOREGROUND_SERVICE" />
28-->[com.google.android.play:core:1.9.1] AndroidManifest.xml:8:3-74
28-->[com.google.android.play:core:1.9.1] AndroidManifest.xml:8:20-72
29
30    <application
30-->src\main\AndroidManifest.xml:16:5-50:19
31        android:allowBackup="true"
31-->src\main\AndroidManifest.xml:17:9-35
32        android:appComponentFactory="androidx.core.app.CoreComponentFactory"
32-->[androidx.core:core:1.5.0-beta01] AndroidManifest.xml:24:18-86
33        android:debuggable="true"
34        android:extractNativeLibs="false"
35        android:icon="@mipmap/ic_launcher"
35-->src\main\AndroidManifest.xml:18:9-43
36        android:label="@string/app_name"
36-->src\main\AndroidManifest.xml:19:9-41
37        android:roundIcon="@mipmap/ic_launcher_round"
37-->src\main\AndroidManifest.xml:20:9-54
38        android:supportsRtl="true"
38-->src\main\AndroidManifest.xml:21:9-35
39        android:testOnly="true"
40        android:theme="@style/Theme.Login" >
40-->src\main\AndroidManifest.xml:22:9-43
41
42        <!--
43             The API key for Google Maps-based APIs is defined as a string resource.
44             (See the file "res/values/google_maps_api.xml").
45             Note that the API key is linked to the encryption key used to sign the APK.
46             You need a different API key for each encryption key, including the release key that is used to
47             sign the APK for publishing.
48             You can define the keys for the debug and release targets in src/debug/ and src/release/.
49        -->
50        <meta-data
50-->src\main\AndroidManifest.xml:32:9-34:47
51            android:name="com.google.android.geo.API_KEY"
51-->src\main\AndroidManifest.xml:33:13-58
52            android:value="@string/map_key" />
52-->src\main\AndroidManifest.xml:34:13-44
53
54        <activity
54-->src\main\AndroidManifest.xml:36:9-38:68
55            android:name="com.example.login.MapsActivity"
55-->src\main\AndroidManifest.xml:37:13-41
56            android:label="@string/title_activity_maps" />
56-->src\main\AndroidManifest.xml:38:13-56
57        <activity android:name="com.example.login.scanView" />
57-->src\main\AndroidManifest.xml:39:9-46
57-->src\main\AndroidManifest.xml:39:19-43
58        <activity android:name="com.example.login.scanclient" />
58-->src\main\AndroidManifest.xml:40:9-48
58-->src\main\AndroidManifest.xml:40:19-45
59        <activity android:name="com.example.login.activities.HomeActivity" />
59-->src\main\AndroidManifest.xml:41:9-61
59-->src\main\AndroidManifest.xml:41:19-58
60        <activity android:name="com.example.login.introactivity" >
60-->src\main\AndroidManifest.xml:42:9-48:20
60-->src\main\AndroidManifest.xml:42:19-48
61            <intent-filter>
61-->src\main\AndroidManifest.xml:43:13-47:29
62                <action android:name="android.intent.action.MAIN" />
62-->src\main\AndroidManifest.xml:44:17-69
62-->src\main\AndroidManifest.xml:44:25-66
63
64                <category android:name="android.intent.category.LAUNCHER" />
64-->src\main\AndroidManifest.xml:46:17-77
64-->src\main\AndroidManifest.xml:46:27-74
65            </intent-filter>
66        </activity>
67        <activity android:name="com.example.login.MainActivity" />
67-->src\main\AndroidManifest.xml:49:9-50
67-->src\main\AndroidManifest.xml:49:19-47
68        <activity
68-->[com.karumi:dexter:6.2.2] AndroidManifest.xml:27:9-29:72
69            android:name="com.karumi.dexter.DexterActivity"
69-->[com.karumi:dexter:6.2.2] AndroidManifest.xml:28:13-60
70            android:theme="@style/Dexter.Internal.Theme.Transparent" /> <!-- Needs to be explicitly declared on P+ -->
70-->[com.karumi:dexter:6.2.2] AndroidManifest.xml:29:13-69
71        <uses-library
71-->[com.google.android.gms:play-services-maps:17.0.0] AndroidManifest.xml:33:9-35:40
72            android:name="org.apache.http.legacy"
72-->[com.google.android.gms:play-services-maps:17.0.0] AndroidManifest.xml:34:13-50
73            android:required="false" />
73-->[com.google.android.gms:play-services-maps:17.0.0] AndroidManifest.xml:35:13-37
74
75        <activity
75-->[com.google.android.gms:play-services-base:17.0.0] AndroidManifest.xml:23:9-26:75
76            android:name="com.google.android.gms.common.api.GoogleApiActivity"
76-->[com.google.android.gms:play-services-base:17.0.0] AndroidManifest.xml:24:13-79
77            android:exported="false"
77-->[com.google.android.gms:play-services-base:17.0.0] AndroidManifest.xml:25:13-37
78            android:theme="@android:style/Theme.Translucent.NoTitleBar" />
78-->[com.google.android.gms:play-services-base:17.0.0] AndroidManifest.xml:26:13-72
79
80        <meta-data
80-->[com.google.android.gms:play-services-basement:17.0.0] AndroidManifest.xml:23:9-25:69
81            android:name="com.google.android.gms.version"
81-->[com.google.android.gms:play-services-basement:17.0.0] AndroidManifest.xml:24:13-58
82            android:value="@integer/google_play_services_version" /> <!-- The activities will be merged into the manifest of the hosting app. -->
82-->[com.google.android.gms:play-services-basement:17.0.0] AndroidManifest.xml:25:13-66
83        <activity
83-->[com.google.android.play:core:1.9.1] AndroidManifest.xml:12:5-271
84            android:name="com.google.android.play.core.missingsplits.PlayCoreMissingSplitsActivity"
84-->[com.google.android.play:core:1.9.1] AndroidManifest.xml:12:15-102
85            android:enabled="false"
85-->[com.google.android.play:core:1.9.1] AndroidManifest.xml:12:103-126
86            android:exported="false"
86-->[com.google.android.play:core:1.9.1] AndroidManifest.xml:12:127-151
87            android:launchMode="singleInstance"
87-->[com.google.android.play:core:1.9.1] AndroidManifest.xml:12:204-239
88            android:process=":playcore_missing_splits_activity"
88-->[com.google.android.play:core:1.9.1] AndroidManifest.xml:12:152-203
89            android:stateNotNeeded="true" />
89-->[com.google.android.play:core:1.9.1] AndroidManifest.xml:12:240-269
90        <activity
90-->[com.google.android.play:core:1.9.1] AndroidManifest.xml:13:5-226
91            android:name="com.google.android.play.core.common.PlayCoreDialogWrapperActivity"
91-->[com.google.android.play:core:1.9.1] AndroidManifest.xml:13:15-95
92            android:enabled="false"
92-->[com.google.android.play:core:1.9.1] AndroidManifest.xml:13:96-119
93            android:exported="false"
93-->[com.google.android.play:core:1.9.1] AndroidManifest.xml:13:120-144
94            android:stateNotNeeded="true"
94-->[com.google.android.play:core:1.9.1] AndroidManifest.xml:13:145-174
95            android:theme="@style/Theme.PlayCore.Transparent" /> <!-- The services will be merged into the manifest of the hosting app. -->
95-->[com.google.android.play:core:1.9.1] AndroidManifest.xml:13:175-224
96        <service
96-->[com.google.android.play:core:1.9.1] AndroidManifest.xml:16:5-18:15
97            android:name="com.google.android.play.core.assetpacks.AssetPackExtractionService"
97-->[com.google.android.play:core:1.9.1] AndroidManifest.xml:16:14-95
98            android:enabled="false"
98-->[com.google.android.play:core:1.9.1] AndroidManifest.xml:16:96-119
99            android:exported="true" >
99-->[com.google.android.play:core:1.9.1] AndroidManifest.xml:16:120-143
100            <meta-data
100-->[com.google.android.play:core:1.9.1] AndroidManifest.xml:17:7-108
101                android:name="com.google.android.play.core.assetpacks.versionCode"
101-->[com.google.android.play:core:1.9.1] AndroidManifest.xml:17:18-84
102                android:value="10901" />
102-->[com.google.android.play:core:1.9.1] AndroidManifest.xml:17:85-106
103        </service>
104        <service
104-->[com.google.android.play:core:1.9.1] AndroidManifest.xml:19:5-147
105            android:name="com.google.android.play.core.assetpacks.ExtractionForegroundService"
105-->[com.google.android.play:core:1.9.1] AndroidManifest.xml:19:14-96
106            android:enabled="false"
106-->[com.google.android.play:core:1.9.1] AndroidManifest.xml:19:97-120
107            android:exported="false" />
107-->[com.google.android.play:core:1.9.1] AndroidManifest.xml:19:121-145
108    </application>
109
110</manifest>